 
****************************************
check_design summary:
Version:     K-2015.06
Date:        Thu Aug 15 19:50:00 2024
****************************************

                   Name                                            Total
--------------------------------------------------------------------------------
Inputs/Outputs                                                     18
    Unconnected ports (LINT-28)                                    10
    Shorted outputs (LINT-31)                                       3
    Constant outputs (LINT-52)                                      5

Cells                                                              21
    Cells do not drive (LINT-1)                                    19
    Connected to power or ground (LINT-32)                          2
--------------------------------------------------------------------------------

Warning: In design 'ClkDiv', cell 'C120' does not drive any nets. (LINT-1)
Warning: In design 'ALU', cell 'C342' does not drive any nets. (LINT-1)
Warning: In design 'ALU', cell 'C343' does not drive any nets. (LINT-1)
Warning: In design 'ALU', cell 'C344' does not drive any nets. (LINT-1)
Warning: In design 'ALU', cell 'C345' does not drive any nets. (LINT-1)
Warning: In design 'ALU', cell 'C370' does not drive any nets. (LINT-1)
Warning: In design 'ALU', cell 'C372' does not drive any nets. (LINT-1)
Warning: In design 'ALU', cell 'C374' does not drive any nets. (LINT-1)
Warning: In design 'fifo_rd_P_SIZE4', cell 'C184' does not drive any nets. (LINT-1)
Warning: In design 'fifo_wr_P_SIZE4', cell 'C187' does not drive any nets. (LINT-1)
Warning: In design 'Serializer_WIDTH8', cell 'C99' does not drive any nets. (LINT-1)
Warning: In design 'uart_rx_fsm_DATA_WIDTH8', cell 'B_17' does not drive any nets. (LINT-1)
Warning: In design 'uart_rx_fsm_DATA_WIDTH8', cell 'B_18' does not drive any nets. (LINT-1)
Warning: In design 'uart_rx_fsm_DATA_WIDTH8', cell 'B_19' does not drive any nets. (LINT-1)
Warning: In design 'uart_rx_fsm_DATA_WIDTH8', cell 'C282' does not drive any nets. (LINT-1)
Warning: In design 'edge_bit_counter', cell 'C101' does not drive any nets. (LINT-1)
Warning: In design 'edge_bit_counter', cell 'C108' does not drive any nets. (LINT-1)
Warning: In design 'data_sampling', cell 'C127' does not drive any nets. (LINT-1)
Warning: In design 'deserializer_DATA_WIDTH8', cell 'B_0' does not drive any nets. (LINT-1)
Warning: In design 'SYS_TOP', port 'SE' is not connected to any nets. (LINT-28)
Warning: In design 'SYS_TOP', port 'SI[3]' is not connected to any nets. (LINT-28)
Warning: In design 'SYS_TOP', port 'SI[2]' is not connected to any nets. (LINT-28)
Warning: In design 'SYS_TOP', port 'SI[1]' is not connected to any nets. (LINT-28)
Warning: In design 'SYS_TOP', port 'SI[0]' is not connected to any nets. (LINT-28)
Warning: In design 'SYS_TOP', port 'SO[3]' is not connected to any nets. (LINT-28)
Warning: In design 'SYS_TOP', port 'SO[2]' is not connected to any nets. (LINT-28)
Warning: In design 'SYS_TOP', port 'SO[1]' is not connected to any nets. (LINT-28)
Warning: In design 'SYS_TOP', port 'SO[0]' is not connected to any nets. (LINT-28)
Warning: In design 'data_sampling', port 'Prescale[0]' is not connected to any nets. (LINT-28)
Warning: In design 'CLKDIV_MUX', output port 'OUT[7]' is connected directly to output port 'OUT[4]'. (LINT-31)
Warning: In design 'CLKDIV_MUX', output port 'OUT[7]' is connected directly to output port 'OUT[5]'. (LINT-31)
Warning: In design 'CLKDIV_MUX', output port 'OUT[7]' is connected directly to output port 'OUT[6]'. (LINT-31)
Warning: In design 'UART_TX_DATA_WIDTH8', a pin on submodule 'U0_mux' is connected to logic 1 or logic 0. (LINT-32)
   Pin 'IN_0' is connected to logic 0. 
Warning: In design 'UART_TX_DATA_WIDTH8', a pin on submodule 'U0_mux' is connected to logic 1 or logic 0. (LINT-32)
   Pin 'IN_3' is connected to logic 1. 
Warning: In design 'CLKDIV_MUX', output port 'OUT[7]' is connected directly to 'logic 0'. (LINT-52)
Warning: In design 'CLKDIV_MUX', output port 'OUT[6]' is connected directly to 'logic 0'. (LINT-52)
Warning: In design 'CLKDIV_MUX', output port 'OUT[5]' is connected directly to 'logic 0'. (LINT-52)
Warning: In design 'CLKDIV_MUX', output port 'OUT[4]' is connected directly to 'logic 0'. (LINT-52)
Warning: In design 'SYS_CTRL', output port 'CLKDIV_EN' is connected directly to 'logic 1'. (LINT-52)
1
 
****************************************
check_design summary:
Version:     K-2015.06
Date:        Thu Aug 15 19:50:42 2024
****************************************

                   Name                                            Total
--------------------------------------------------------------------------------
Inputs/Outputs                                                     18
    Unconnected ports (LINT-28)                                    10
    Shorted outputs (LINT-31)                                       3
    Constant outputs (LINT-52)                                      5

Cells                                                              21
    Cells do not drive (LINT-1)                                    19
    Connected to power or ground (LINT-32)                          2
--------------------------------------------------------------------------------

Warning: In design 'ClkDiv', cell 'C120' does not drive any nets. (LINT-1)
Warning: In design 'ALU', cell 'C342' does not drive any nets. (LINT-1)
Warning: In design 'ALU', cell 'C343' does not drive any nets. (LINT-1)
Warning: In design 'ALU', cell 'C344' does not drive any nets. (LINT-1)
Warning: In design 'ALU', cell 'C345' does not drive any nets. (LINT-1)
Warning: In design 'ALU', cell 'C370' does not drive any nets. (LINT-1)
Warning: In design 'ALU', cell 'C372' does not drive any nets. (LINT-1)
Warning: In design 'ALU', cell 'C374' does not drive any nets. (LINT-1)
Warning: In design 'fifo_rd_P_SIZE4', cell 'C184' does not drive any nets. (LINT-1)
Warning: In design 'fifo_wr_P_SIZE4', cell 'C187' does not drive any nets. (LINT-1)
Warning: In design 'Serializer_WIDTH8', cell 'C99' does not drive any nets. (LINT-1)
Warning: In design 'uart_rx_fsm_DATA_WIDTH8', cell 'B_17' does not drive any nets. (LINT-1)
Warning: In design 'uart_rx_fsm_DATA_WIDTH8', cell 'B_18' does not drive any nets. (LINT-1)
Warning: In design 'uart_rx_fsm_DATA_WIDTH8', cell 'B_19' does not drive any nets. (LINT-1)
Warning: In design 'uart_rx_fsm_DATA_WIDTH8', cell 'C282' does not drive any nets. (LINT-1)
Warning: In design 'edge_bit_counter', cell 'C101' does not drive any nets. (LINT-1)
Warning: In design 'edge_bit_counter', cell 'C108' does not drive any nets. (LINT-1)
Warning: In design 'data_sampling', cell 'C127' does not drive any nets. (LINT-1)
Warning: In design 'deserializer_DATA_WIDTH8', cell 'B_0' does not drive any nets. (LINT-1)
Warning: In design 'SYS_TOP', port 'SE' is not connected to any nets. (LINT-28)
Warning: In design 'SYS_TOP', port 'SI[3]' is not connected to any nets. (LINT-28)
Warning: In design 'SYS_TOP', port 'SI[2]' is not connected to any nets. (LINT-28)
Warning: In design 'SYS_TOP', port 'SI[1]' is not connected to any nets. (LINT-28)
Warning: In design 'SYS_TOP', port 'SI[0]' is not connected to any nets. (LINT-28)
Warning: In design 'SYS_TOP', port 'SO[3]' is not connected to any nets. (LINT-28)
Warning: In design 'SYS_TOP', port 'SO[2]' is not connected to any nets. (LINT-28)
Warning: In design 'SYS_TOP', port 'SO[1]' is not connected to any nets. (LINT-28)
Warning: In design 'SYS_TOP', port 'SO[0]' is not connected to any nets. (LINT-28)
Warning: In design 'data_sampling', port 'Prescale[0]' is not connected to any nets. (LINT-28)
Warning: In design 'CLKDIV_MUX', output port 'OUT[7]' is connected directly to output port 'OUT[4]'. (LINT-31)
Warning: In design 'CLKDIV_MUX', output port 'OUT[7]' is connected directly to output port 'OUT[5]'. (LINT-31)
Warning: In design 'CLKDIV_MUX', output port 'OUT[7]' is connected directly to output port 'OUT[6]'. (LINT-31)
Warning: In design 'UART_TX_DATA_WIDTH8', a pin on submodule 'U0_mux' is connected to logic 1 or logic 0. (LINT-32)
   Pin 'IN_0' is connected to logic 0. 
Warning: In design 'UART_TX_DATA_WIDTH8', a pin on submodule 'U0_mux' is connected to logic 1 or logic 0. (LINT-32)
   Pin 'IN_3' is connected to logic 1. 
Warning: In design 'CLKDIV_MUX', output port 'OUT[7]' is connected directly to 'logic 0'. (LINT-52)
Warning: In design 'CLKDIV_MUX', output port 'OUT[6]' is connected directly to 'logic 0'. (LINT-52)
Warning: In design 'CLKDIV_MUX', output port 'OUT[5]' is connected directly to 'logic 0'. (LINT-52)
Warning: In design 'CLKDIV_MUX', output port 'OUT[4]' is connected directly to 'logic 0'. (LINT-52)
Warning: In design 'SYS_CTRL', output port 'CLKDIV_EN' is connected directly to 'logic 1'. (LINT-52)
1
 
****************************************
check_design summary:
Version:     K-2015.06
Date:        Sat Aug 17 17:35:26 2024
****************************************

                   Name                                            Total
--------------------------------------------------------------------------------
Inputs/Outputs                                                     18
    Unconnected ports (LINT-28)                                    10
    Shorted outputs (LINT-31)                                       3
    Constant outputs (LINT-52)                                      5

Cells                                                              21
    Cells do not drive (LINT-1)                                    19
    Connected to power or ground (LINT-32)                          2
--------------------------------------------------------------------------------

Warning: In design 'ClkDiv', cell 'C120' does not drive any nets. (LINT-1)
Warning: In design 'ALU', cell 'C342' does not drive any nets. (LINT-1)
Warning: In design 'ALU', cell 'C343' does not drive any nets. (LINT-1)
Warning: In design 'ALU', cell 'C344' does not drive any nets. (LINT-1)
Warning: In design 'ALU', cell 'C345' does not drive any nets. (LINT-1)
Warning: In design 'ALU', cell 'C370' does not drive any nets. (LINT-1)
Warning: In design 'ALU', cell 'C372' does not drive any nets. (LINT-1)
Warning: In design 'ALU', cell 'C374' does not drive any nets. (LINT-1)
Warning: In design 'fifo_rd_P_SIZE4', cell 'C184' does not drive any nets. (LINT-1)
Warning: In design 'fifo_wr_P_SIZE4', cell 'C187' does not drive any nets. (LINT-1)
Warning: In design 'Serializer_WIDTH8', cell 'C99' does not drive any nets. (LINT-1)
Warning: In design 'uart_rx_fsm_DATA_WIDTH8', cell 'B_17' does not drive any nets. (LINT-1)
Warning: In design 'uart_rx_fsm_DATA_WIDTH8', cell 'B_18' does not drive any nets. (LINT-1)
Warning: In design 'uart_rx_fsm_DATA_WIDTH8', cell 'B_19' does not drive any nets. (LINT-1)
Warning: In design 'uart_rx_fsm_DATA_WIDTH8', cell 'C282' does not drive any nets. (LINT-1)
Warning: In design 'edge_bit_counter', cell 'C101' does not drive any nets. (LINT-1)
Warning: In design 'edge_bit_counter', cell 'C108' does not drive any nets. (LINT-1)
Warning: In design 'data_sampling', cell 'C127' does not drive any nets. (LINT-1)
Warning: In design 'deserializer_DATA_WIDTH8', cell 'B_0' does not drive any nets. (LINT-1)
Warning: In design 'SYS_TOP', port 'SE' is not connected to any nets. (LINT-28)
Warning: In design 'SYS_TOP', port 'SI[3]' is not connected to any nets. (LINT-28)
Warning: In design 'SYS_TOP', port 'SI[2]' is not connected to any nets. (LINT-28)
Warning: In design 'SYS_TOP', port 'SI[1]' is not connected to any nets. (LINT-28)
Warning: In design 'SYS_TOP', port 'SI[0]' is not connected to any nets. (LINT-28)
Warning: In design 'SYS_TOP', port 'SO[3]' is not connected to any nets. (LINT-28)
Warning: In design 'SYS_TOP', port 'SO[2]' is not connected to any nets. (LINT-28)
Warning: In design 'SYS_TOP', port 'SO[1]' is not connected to any nets. (LINT-28)
Warning: In design 'SYS_TOP', port 'SO[0]' is not connected to any nets. (LINT-28)
Warning: In design 'data_sampling', port 'Prescale[0]' is not connected to any nets. (LINT-28)
Warning: In design 'CLKDIV_MUX', output port 'OUT[7]' is connected directly to output port 'OUT[4]'. (LINT-31)
Warning: In design 'CLKDIV_MUX', output port 'OUT[7]' is connected directly to output port 'OUT[5]'. (LINT-31)
Warning: In design 'CLKDIV_MUX', output port 'OUT[7]' is connected directly to output port 'OUT[6]'. (LINT-31)
Warning: In design 'UART_TX_DATA_WIDTH8', a pin on submodule 'U0_mux' is connected to logic 1 or logic 0. (LINT-32)
   Pin 'IN_0' is connected to logic 0. 
Warning: In design 'UART_TX_DATA_WIDTH8', a pin on submodule 'U0_mux' is connected to logic 1 or logic 0. (LINT-32)
   Pin 'IN_3' is connected to logic 1. 
Warning: In design 'CLKDIV_MUX', output port 'OUT[7]' is connected directly to 'logic 0'. (LINT-52)
Warning: In design 'CLKDIV_MUX', output port 'OUT[6]' is connected directly to 'logic 0'. (LINT-52)
Warning: In design 'CLKDIV_MUX', output port 'OUT[5]' is connected directly to 'logic 0'. (LINT-52)
Warning: In design 'CLKDIV_MUX', output port 'OUT[4]' is connected directly to 'logic 0'. (LINT-52)
Warning: In design 'SYS_CTRL', output port 'CLKDIV_EN' is connected directly to 'logic 1'. (LINT-52)
1
 
****************************************
check_design summary:
Version:     K-2015.06
Date:        Sat Aug 17 17:41:10 2024
****************************************

                   Name                                            Total
--------------------------------------------------------------------------------
Inputs/Outputs                                                     18
    Unconnected ports (LINT-28)                                    10
    Shorted outputs (LINT-31)                                       3
    Constant outputs (LINT-52)                                      5

Cells                                                              21
    Cells do not drive (LINT-1)                                    19
    Connected to power or ground (LINT-32)                          2
--------------------------------------------------------------------------------

Warning: In design 'ClkDiv', cell 'C120' does not drive any nets. (LINT-1)
Warning: In design 'ALU', cell 'C342' does not drive any nets. (LINT-1)
Warning: In design 'ALU', cell 'C343' does not drive any nets. (LINT-1)
Warning: In design 'ALU', cell 'C344' does not drive any nets. (LINT-1)
Warning: In design 'ALU', cell 'C345' does not drive any nets. (LINT-1)
Warning: In design 'ALU', cell 'C370' does not drive any nets. (LINT-1)
Warning: In design 'ALU', cell 'C372' does not drive any nets. (LINT-1)
Warning: In design 'ALU', cell 'C374' does not drive any nets. (LINT-1)
Warning: In design 'fifo_rd_P_SIZE4', cell 'C184' does not drive any nets. (LINT-1)
Warning: In design 'fifo_wr_P_SIZE4', cell 'C187' does not drive any nets. (LINT-1)
Warning: In design 'Serializer_WIDTH8', cell 'C99' does not drive any nets. (LINT-1)
Warning: In design 'uart_rx_fsm_DATA_WIDTH8', cell 'B_17' does not drive any nets. (LINT-1)
Warning: In design 'uart_rx_fsm_DATA_WIDTH8', cell 'B_18' does not drive any nets. (LINT-1)
Warning: In design 'uart_rx_fsm_DATA_WIDTH8', cell 'B_19' does not drive any nets. (LINT-1)
Warning: In design 'uart_rx_fsm_DATA_WIDTH8', cell 'C282' does not drive any nets. (LINT-1)
Warning: In design 'edge_bit_counter', cell 'C101' does not drive any nets. (LINT-1)
Warning: In design 'edge_bit_counter', cell 'C108' does not drive any nets. (LINT-1)
Warning: In design 'data_sampling', cell 'C127' does not drive any nets. (LINT-1)
Warning: In design 'deserializer_DATA_WIDTH8', cell 'B_0' does not drive any nets. (LINT-1)
Warning: In design 'SYS_TOP', port 'SE' is not connected to any nets. (LINT-28)
Warning: In design 'SYS_TOP', port 'SI[3]' is not connected to any nets. (LINT-28)
Warning: In design 'SYS_TOP', port 'SI[2]' is not connected to any nets. (LINT-28)
Warning: In design 'SYS_TOP', port 'SI[1]' is not connected to any nets. (LINT-28)
Warning: In design 'SYS_TOP', port 'SI[0]' is not connected to any nets. (LINT-28)
Warning: In design 'SYS_TOP', port 'SO[3]' is not connected to any nets. (LINT-28)
Warning: In design 'SYS_TOP', port 'SO[2]' is not connected to any nets. (LINT-28)
Warning: In design 'SYS_TOP', port 'SO[1]' is not connected to any nets. (LINT-28)
Warning: In design 'SYS_TOP', port 'SO[0]' is not connected to any nets. (LINT-28)
Warning: In design 'data_sampling', port 'Prescale[0]' is not connected to any nets. (LINT-28)
Warning: In design 'CLKDIV_MUX', output port 'OUT[7]' is connected directly to output port 'OUT[4]'. (LINT-31)
Warning: In design 'CLKDIV_MUX', output port 'OUT[7]' is connected directly to output port 'OUT[5]'. (LINT-31)
Warning: In design 'CLKDIV_MUX', output port 'OUT[7]' is connected directly to output port 'OUT[6]'. (LINT-31)
Warning: In design 'UART_TX_DATA_WIDTH8', a pin on submodule 'U0_mux' is connected to logic 1 or logic 0. (LINT-32)
   Pin 'IN_0' is connected to logic 0. 
Warning: In design 'UART_TX_DATA_WIDTH8', a pin on submodule 'U0_mux' is connected to logic 1 or logic 0. (LINT-32)
   Pin 'IN_3' is connected to logic 1. 
Warning: In design 'CLKDIV_MUX', output port 'OUT[7]' is connected directly to 'logic 0'. (LINT-52)
Warning: In design 'CLKDIV_MUX', output port 'OUT[6]' is connected directly to 'logic 0'. (LINT-52)
Warning: In design 'CLKDIV_MUX', output port 'OUT[5]' is connected directly to 'logic 0'. (LINT-52)
Warning: In design 'CLKDIV_MUX', output port 'OUT[4]' is connected directly to 'logic 0'. (LINT-52)
Warning: In design 'SYS_CTRL', output port 'CLKDIV_EN' is connected directly to 'logic 1'. (LINT-52)
1
